26073 번째 열에 올바르지 않은 괄호입니다. - [
2025 번째 열에 올바르지 않은 괄호입니다. - }
올바름
올바름
올바름
올바름
올바름
올바름
올바름
올바름
올바름
49768 번째 열에 올바르지 않은 괄호입니다. - ]
올바름
올바름
올바름
14573 번째 열에 올바르지 않은 괄호입니다. - ]
올바름
올바름
49951 번째 열에 올바르지 않은 괄호입니다. - ]
올바름
올바름
올바름
1258 번째 열에 올바르지 않은 괄호입니다. - {
올바름
올바름
올바름
61156 번째 열에 올바르지 않은 괄호입니다. - )
32502 번째 열에 올바르지 않은 괄호입니다. - >
올바름
올바름
36256 번째 열에 올바르지 않은 괄호입니다. - }
올바름
올바름
올바름
올바름
올바름
올바름
올바름
올바름
올바름
올바름
47257 번째 열에 올바르지 않은 괄호입니다. - {
올바름
올바름
1648 번째 열에 올바르지 않은 괄호입니다. - <
3226 번째 열에 올바르지 않은 괄호입니다. - }
올바름
18252 번째 열에 올바르지 않은 괄호입니다. - {
올바름
25112 번째 열에 올바르지 않은 괄호입니다. - (
올바름
올바름
올바름
올바름
올바름
올바름
올바름
올바름
26043 번째 열에 올바르지 않은 괄호입니다. - )
올바름
올바름
올바름
3128 번째 열에 올바르지 않은 괄호입니다. - )
2030 번째 열에 올바르지 않은 괄호입니다. - [
올바름
올바름
올바름
올바름
올바름
4631 번째 열에 올바르지 않은 괄호입니다. - ]
올바름
올바름
올바름
올바름
올바름
올바름
올바름
올바름
올바름
올바름
올바름
올바름
올바름
올바름
9423 번째 열에 올바르지 않은 괄호입니다. - }
올바름
올바름
올바름
올바름
올바름
45739 번째 열에 올바르지 않은 괄호입니다. - )
올바름
올바름
11762 번째 열에 올바르지 않은 괄호입니다. - )
올바름
14314 번째 열에 올바르지 않은 괄호입니다. - )
4755 번째 열에 올바르지 않은 괄호입니다. - [
올바름
올바름
올바름
올바름
올바름
올바름
올바름
올바름
3442 번째 열에 올바르지 않은 괄호입니다. - {
13561 번째 열에 올바르지 않은 괄호입니다. - )
올바름
7855 번째 열에 올바르지 않은 괄호입니다. - )
16366 번째 열에 올바르지 않은 괄호입니다. - )
올바름
31522 번째 열에 올바르지 않은 괄호입니다. - ]
올바름
올바름
올바름
17788 번째 열에 올바르지 않은 괄호입니다. - }
올바름
올바름
올바름
올바름
올바름
올바름
올바름
올바름
25632 번째 열에 올바르지 않은 괄호입니다. - ]
올바름
올바름
올바름
13059 번째 열에 올바르지 않은 괄호입니다. - >
올바름
18286 번째 열에 올바르지 않은 괄호입니다. - )
올바름
올바름
올바름
올바름
올바름
11506 번째 열에 올바르지 않은 괄호입니다. - (
48538 번째 열에 올바르지 않은 괄호입니다. - ]
올바름
올바름
올바름
올바름
올바름
올바름
올바름
4841 번째 열에 올바르지 않은 괄호입니다. - ]
올바름
올바름
올바름
38632 번째 열에 올바르지 않은 괄호입니다. - ]
올바름
올바름
5967 번째 열에 올바르지 않은 괄호입니다. - }
올바름
올바름
올바름
26871 번째 열에 올바르지 않은 괄호입니다. - }
올바름
올바름
올바름
6767 번째 열에 올바르지 않은 괄호입니다. - )
올바름
올바름
10627 번째 열에 올바르지 않은 괄호입니다. - (
올바름
올바름
올바름
올바름
1381 번째 열에 올바르지 않은 괄호입니다. - {
올바름
올바름
14440 번째 열에 올바르지 않은 괄호입니다. - ]
13263 번째 열에 올바르지 않은 괄호입니다. - )
올바름
26643 번째 열에 올바르지 않은 괄호입니다. - >
41857 번째 열에 올바르지 않은 괄호입니다. - <
올바름
올바름
31824 번째 열에 올바르지 않은 괄호입니다. - ]
44650 번째 열에 올바르지 않은 괄호입니다. - {
올바름
11563 번째 열에 올바르지 않은 괄호입니다. - <
19720 번째 열에 올바르지 않은 괄호입니다. - >
올바름
올바름
올바름
올바름
올바름
20869 번째 열에 올바르지 않은 괄호입니다. - )
올바름
올바름
올바름
올바름
올바름
올바름
올바름
올바름
올바름
올바름
올바름
올바름
올바름
올바름
올바름
4947 번째 열에 올바르지 않은 괄호입니다. - <
올바름
올바름
올바름
올바름
올바름
올바름
올바름
올바름
올바름
올바름
올바름
55411 번째 열에 올바르지 않은 괄호입니다. - <
올바름
556 번째 열에 올바르지 않은 괄호입니다. - }
올바름
올바름
올바름
올바름
올바름
올바름
올바름
올바름
올바름
올바름
올바름
올바름
올바름
올바름
16244 번째 열에 올바르지 않은 괄호입니다. - )
올바름
올바름
올바름
1722 번째 열에 올바르지 않은 괄호입니다. - ]
올바름
올바름
올바름
30343 번째 열에 올바르지 않은 괄호입니다. - ]
올바름
올바름
올바름
올바름
올바름
올바름
6641 번째 열에 올바르지 않은 괄호입니다. - ]
올바름
올바름
올바름
올바름
올바름
1277 번째 열에 올바르지 않은 괄호입니다. - <
올바름
올바름
올바름
7171 번째 열에 올바르지 않은 괄호입니다. - [
올바름
올바름
32722 번째 열에 올바르지 않은 괄호입니다. - ]
올바름
32492 번째 열에 올바르지 않은 괄호입니다. - (
올바름
올바름
올바름
64294 번째 열에 올바르지 않은 괄호입니다. - <
올바름
7975 번째 열에 올바르지 않은 괄호입니다. - [
올바름
올바름
올바름
올바름
45828 번째 열에 올바르지 않은 괄호입니다. - }
8971 번째 열에 올바르지 않은 괄호입니다. - ]
올바름
올바름
올바름
올바름
올바름
올바름
올바름
올바름
올바름
933 번째 열에 올바르지 않은 괄호입니다. - (
12906 번째 열에 올바르지 않은 괄호입니다. - >
올바름
올바름
올바름
7436 번째 열에 올바르지 않은 괄호입니다. - (
37643 번째 열에 올바르지 않은 괄호입니다. - (
올바름
올바름
올바름
올바름
올바름
올바름
32717 번째 열에 올바르지 않은 괄호입니다. - <
올바름
3993 번째 열에 올바르지 않은 괄호입니다. - (
올바름
올바름
10849 번째 열에 올바르지 않은 괄호입니다. - ]
올바름
올바름
1405 번째 열에 올바르지 않은 괄호입니다. - (
올바름
9115 번째 열에 올바르지 않은 괄호입니다. - ]
올바름
올바름
올바름
올바름
16845 번째 열에 올바르지 않은 괄호입니다. - >
올바름
올바름
28293 번째 열에 올바르지 않은 괄호입니다. - ]
올바름
올바름
올바름
10270 번째 열에 올바르지 않은 괄호입니다. - {
올바름
올바름
올바름
1942 번째 열에 올바르지 않은 괄호입니다. - [
33042 번째 열에 올바르지 않은 괄호입니다. - >
올바름
올바름
올바름
올바름
올바름
올바름
52047 번째 열에 올바르지 않은 괄호입니다. - }
올바름
2705 번째 열에 올바르지 않은 괄호입니다. - (
올바름
올바름
올바름
올바름
11827 번째 열에 올바르지 않은 괄호입니다. - [
올바름
올바름
34699 번째 열에 올바르지 않은 괄호입니다. - (
올바름
올바름
올바름
올바름
올바름
올바름
올바름
12323 번째 열에 올바르지 않은 괄호입니다. - }
47252 번째 열에 올바르지 않은 괄호입니다. - [
올바름
올바름
올바름
올바름
22523 번째 열에 올바르지 않은 괄호입니다. - )
올바름
22933 번째 열에 올바르지 않은 괄호입니다. - >
올바름
21369 번째 열에 올바르지 않은 괄호입니다. - [
올바름
1408 번째 열에 올바르지 않은 괄호입니다. - }
올바름
45424 번째 열에 올바르지 않은 괄호입니다. - >
19761 번째 열에 올바르지 않은 괄호입니다. - (
올바름
올바름
20032 번째 열에 올바르지 않은 괄호입니다. - [
38813 번째 열에 올바르지 않은 괄호입니다. - [
올바름
올바름
올바름
올바름
올바름
올바름
올바름
올바름
올바름
올바름
올바름
올바름
올바름
올바름
올바름
올바름
올바름
올바름
올바름
올바름
62037 번째 열에 올바르지 않은 괄호입니다. - ]
올바름
올바름
올바름
올바름
올바름
올바름
올바름
올바름
올바름
50062 번째 열에 올바르지 않은 괄호입니다. - }
7989 번째 열에 올바르지 않은 괄호입니다. - )
올바름
9709 번째 열에 올바르지 않은 괄호입니다. - (
14641 번째 열에 올바르지 않은 괄호입니다. - >
올바름
올바름
올바름
올바름
1223 번째 열에 올바르지 않은 괄호입니다. - )
올바름
4029 번째 열에 올바르지 않은 괄호입니다. - {
올바름
5337 번째 열에 올바르지 않은 괄호입니다. - }
53338 번째 열에 올바르지 않은 괄호입니다. - }
13022 번째 열에 올바르지 않은 괄호입니다. - ]
올바름
27760 번째 열에 올바르지 않은 괄호입니다. - [
올바름
올바름
8034 번째 열에 올바르지 않은 괄호입니다. - )
올바름
올바름
26832 번째 열에 올바르지 않은 괄호입니다. - {
올바름
올바름
올바름
11753 번째 열에 올바르지 않은 괄호입니다. - {
올바름
올바름
올바름
올바름
올바름
올바름
올바름
올바름
올바름
10181 번째 열에 올바르지 않은 괄호입니다. - ]
올바름
올바름
올바름
올바름
올바름
올바름
올바름
올바름
22473 번째 열에 올바르지 않은 괄호입니다. - <
48829 번째 열에 올바르지 않은 괄호입니다. - <
올바름
올바름
올바름
15398 번째 열에 올바르지 않은 괄호입니다. - }
올바름
올바름
올바름
53209 번째 열에 올바르지 않은 괄호입니다. - )
4012 번째 열에 올바르지 않은 괄호입니다. - {
올바름
올바름
올바름
올바름
올바름
올바름
올바름
올바름
6166 번째 열에 올바르지 않은 괄호입니다. - ]
258 번째 열에 올바르지 않은 괄호입니다. - (
올바름
27841 번째 열에 올바르지 않은 괄호입니다. - [
올바름
올바름
17767 번째 열에 올바르지 않은 괄호입니다. - )
50695 번째 열에 올바르지 않은 괄호입니다. - )
올바름
27429 번째 열에 올바르지 않은 괄호입니다. - [
올바름
올바름
올바름
올바름
올바름
올바름
24013 번째 열에 올바르지 않은 괄호입니다. - ]
올바름
올바름
올바름
50063 번째 열에 올바르지 않은 괄호입니다. - }
5992 번째 열에 올바르지 않은 괄호입니다. - [
올바름
올바름
올바름
올바름
올바름
올바름
올바름
올바름
올바름
올바름
올바름
20179 번째 열에 올바르지 않은 괄호입니다. - )
올바름
